c:\diss\dissertation\nn\debug\vc120.pdb
c:\diss\dissertation\nn\debug\vc120.idb
c:\diss\dissertation\nn\debug\neuralnetwork.obj
c:\diss\dissertation\nn\debug\connection.obj
c:\diss\dissertation\nn\debug\neurons.obj
c:\diss\dissertation\nn\debug\preprocess.obj
c:\diss\dissertation\nn\debug\layers.obj
c:\diss\dissertation\nn\debug\dissneural.pdb
c:\diss\dissertation\nn\debug\dissneural.tlog\cl.command.1.tlog
c:\diss\dissertation\nn\debug\dissneural.tlog\cl.read.1.tlog
c:\diss\dissertation\nn\debug\dissneural.tlog\cl.write.1.tlog
c:\diss\dissertation\nn\debug\dissneural.tlog\link-cvtres.read.1.tlog
c:\diss\dissertation\nn\debug\dissneural.tlog\link-cvtres.write.1.tlog
c:\diss\dissertation\nn\debug\dissneural.tlog\link-rc.read.1.tlog
c:\diss\dissertation\nn\debug\dissneural.tlog\link-rc.write.1.tlog
c:\diss\dissertation\nn\debug\dissneural.tlog\link.5756-cvtres.read.1.tlog
c:\diss\dissertation\nn\debug\dissneural.tlog\link.5756-cvtres.write.1.tlog
c:\diss\dissertation\nn\debug\dissneural.tlog\link.5756-rc.read.1.tlog
c:\diss\dissertation\nn\debug\dissneural.tlog\link.5756-rc.write.1.tlog
c:\diss\dissertation\nn\debug\dissneural.tlog\link.5756.read.1.tlog
c:\diss\dissertation\nn\debug\dissneural.tlog\link.5756.write.1.tlog
c:\diss\dissertation\nn\debug\dissneural.tlog\link.command.1.tlog
c:\diss\dissertation\nn\debug\dissneural.tlog\link.read.1.tlog
c:\diss\dissertation\nn\debug\dissneural.tlog\link.write.1.tlog
