Build started 26/02/2016 21:48:53.
     1>Project "C:\diss\dissertation\NN\dissNeural.vcxproj" on node 2 (Build target(s)).
     1>ClCompile:
         C:\Program Files (x86)\Microsoft Visual Studio 12.0\VC\bin\CL.exe /c /Zi /nologo /W3 /WX- /O2 /Oy- /D WIN32 /D NDEBUG /D _CONSOLE /Gm- /EHsc /MD /GS /fp:precise /Zc:wchar_t /Zc:forScope /Fo"Release\\" /Fd"Release\vc120.pdb" /Gd /TP /analyze- /errorReport:prompt NeuralNetwork.cpp
         NeuralNetwork.cpp
     1>NeuralNetwork.cpp(75): warning C4018: '<' : signed/unsigned mismatch
     1>NeuralNetwork.cpp(89): warning C4101: 'output3' : unreferenced local variable
     1>NeuralNetwork.cpp(89): warning C4101: 'output2' : unreferenced local variable
     1>NeuralNetwork.cpp(89): warning C4101: 'output1' : unreferenced local variable
     1>NeuralNetwork.cpp(198): warning C4244: 'initializing' : conversion from 'double' to 'int', possible loss of data
     1>NeuralNetwork.cpp(248): warning C4018: '<' : signed/unsigned mismatch
     1>NeuralNetwork.cpp(249): warning C4018: '<' : signed/unsigned mismatch
     1>NeuralNetwork.cpp(278): warning C4018: '<' : signed/unsigned mismatch
     1>NeuralNetwork.cpp(279): warning C4018: '<' : signed/unsigned mismatch
     1>c:\diss\dissertation\nn\neuralnetwork.cpp(206): warning C4700: uninitialized local variable 'w' used
       Link:
         C:\Program Files (x86)\Microsoft Visual Studio 12.0\VC\bin\link.exe /ERRORREPORT:PROMPT /OUT:"C:\diss\dissertation\NN\Release\dissNeural.exe" /INCREMENTAL /NOLOGO kernel32.lib user32.lib gdi32.lib winspool.lib comdlg32.lib advapi32.lib shell32.lib ole32.lib oleaut32.lib uuid.lib odbc32.lib odbccp32.lib /MANIFEST /MANIFESTUAC:"level='asInvoker' uiAccess='false'" /manifest:embed /DEBUG /PDB:"C:\diss\dissertation\NN\Release\dissNeural.pdb" /SUBSYSTEM:CONSOLE /OPT:REF /OPT:ICF /TLBID:1 /DYNAMICBASE /NXCOMPAT /IMPLIB:"C:\diss\dissertation\NN\Release\dissNeural.lib" /MACHINE:X86 /SAFESEH Release\Connection.obj
         Release\Layers.obj
         Release\NeuralNetwork.obj
         Release\Neurons.obj
         Release\Preprocess.obj
     1>LINK : warning LNK4075: ignoring '/INCREMENTAL' due to '/OPT:ICF' specification
         dissNeural.vcxproj -> C:\diss\dissertation\NN\Release\dissNeural.exe
     1>Done Building Project "C:\diss\dissertation\NN\dissNeural.vcxproj" (Build target(s)).

Build succeeded.

Time Elapsed 00:00:00.94
